Arguments: 
  /home/pullso/.nvm/versions/node/v10.22.0/bin/node /home/pullso/.yarn/bin/yarn.js add graphql express-grapgql

PATH: 
  /home/pullso/.yarn/bin:/home/pullso/.config/yarn/global/node_modules/.bin:/home/pullso/.nvm/versions/node/v10.22.0/bin:/home/pullso/www/node-mysql-todo-graphql/node_modules/.bin:/usr/local/sbin:/usr/local/bin:/usr/sbin:/usr/bin:/sbin:/bin:/usr/games:/usr/local/games:/snap/bin

Yarn version: 
  1.22.5

Node version: 
  10.22.0

Platform: 
  linux x64

Trace: 
  Error: https://registry.yarnpkg.com/express-grapgql: Not found
      at Request.params.callback [as _callback] (/home/pullso/.yarn/lib/cli.js:66988:18)
      at Request.self.callback (/home/pullso/.yarn/lib/cli.js:140749:22)
      at Request.emit (events.js:198:13)
      at Request.<anonymous> (/home/pullso/.yarn/lib/cli.js:141721:10)
      at Request.emit (events.js:198:13)
      at IncomingMessage.<anonymous> (/home/pullso/.yarn/lib/cli.js:141643:12)
      at Object.onceWrapper (events.js:286:20)
      at IncomingMessage.emit (events.js:203:15)
      at endReadableNT (_stream_readable.js:1145:12)
      at process._tickCallback (internal/process/next_tick.js:63:19)

npm manifest: 
  {
    "name": "node-mysql-todo",
    "version": "1.0.0",
    "description": "",
    "main": "index.js",
    "scripts": {
      "test": "echo \"Error: no test specified\" && exit 1",
      "dev": "nodemon index.js",
      "start": "node index.js"
    },
    "keywords": [],
    "author": "",
    "license": "ISC",
    "dependencies": {
      "dotenv": "^8.2.0",
      "express": "^4.17.1",
      "mysql2": "^2.2.5",
      "sequelize": "^6.3.5"
    },
    "devDependencies": {
      "nodemon": "^2.0.6"
    }
  }

yarn manifest: 
  No manifest

Lockfile: 
  No lockfile
